#
# There is insufficient memory for the Java Runtime Environment to continue.
# Native memory allocation (malloc) failed to allocate 32744 bytes for ChunkPool::allocate
# Possible reasons:
#   The system is out of physical RAM or swap space
#   In 32 bit mode, the process size limit was hit
# Possible solutions:
#   Reduce memory load on the system
#   Increase physical memory or swap space
#   Check if swap backing store is full
#   Use 64 bit Java on a 64 bit OS
#   Decrease Java heap size (-Xmx/-Xms)
#   Decrease number of Java threads
#   Decrease Java thread stack sizes (-Xss)
#   Set larger code cache with -XX:ReservedCodeCacheSize=
# This output file may be truncated or incomplete.
#
#  Out of Memory Error (allocation.cpp:273), pid=20612, tid=0x0000000000006e6c
#
# JRE version: Java(TM) SE Runtime Environment (8.0_191-b12) (build 1.8.0_191-b12)
# Java VM: Java HotSpot(TM) 64-Bit Server VM (25.191-b12 mixed mode windows-amd64 compressed oops)
# Failed to write core dump. Minidumps are not enabled by default on client versions of Windows
#

---------------  T H R E A D  ---------------

Current thread (0x000000001d4b6000):  JavaThread "pool-1-thread-2" [_thread_in_vm, id=28268, stack(0x000000001e210000,0x000000001e310000)]

Stack: [0x000000001e210000,0x000000001e310000]
[error occurred during error reporting (printing stack bounds), id 0xc0000005]

Native frames: (J=compiled Java code, j=interpreted, Vv=VM code, C=native code)

Java frames: (J=compiled Java code, j=interpreted, Vv=VM code)
v  ~RuntimeStub::counter_overflow Runtime1 stub
J 1132 C1 java.util.Properties$LineReader.readLine()I (468 bytes) @ 0x0000000002b21c9a [0x0000000002b20480+0x181a]
j  java.util.Properties.load0(Ljava/util/Properties$LineReader;)V+7
j  java.util.Properties.load(Ljava/io/InputStream;)V+10
j  edu.stanford.nlp.pipeline.StanfordCoreNLPServer.getProperties(Lcom/sun/net/httpserver/HttpExchange;)Ljava/util/Properties;+211
j  edu.stanford.nlp.pipeline.StanfordCoreNLPServer.access$400(Ledu/stanford/nlp/pipeline/StanfordCoreNLPServer;Lcom/sun/net/httpserver/HttpExchange;)Ljava/util/Properties;+2
j  edu.stanford.nlp.pipeline.StanfordCoreNLPServer$CoreNLPHandler.handle(Lcom/sun/net/httpserver/HttpExchange;)V+25
j  com.sun.net.httpserver.Filter$Chain.doFilter(Lcom/sun/net/httpserver/HttpExchange;)V+17
j  sun.net.httpserver.AuthFilter.doFilter(Lcom/sun/net/httpserver/HttpExchange;Lcom/sun/net/httpserver/Filter$Chain;)V+121
j  com.sun.net.httpserver.Filter$Chain.doFilter(Lcom/sun/net/httpserver/HttpExchange;)V+41
j  sun.net.httpserver.ServerImpl$Exchange$LinkHandler.handle(Lcom/sun/net/httpserver/HttpExchange;)V+5
j  com.sun.net.httpserver.Filter$Chain.doFilter(Lcom/sun/net/httpserver/HttpExchange;)V+17
j  sun.net.httpserver.ServerImpl$Exchange.run()V+903
j  java.util.concurrent.ThreadPoolExecutor.runWorker(Ljava/util/concurrent/ThreadPoolExecutor$Worker;)V+95
j  java.util.concurrent.ThreadPoolExecutor$Worker.run()V+5
j  java.lang.Thread.run()V+11
v  ~StubRoutines::call_stub

---------------  P R O C E S S  ---------------

Java Threads: ( => current thread )
  0x000000001d939000 JavaThread "pool-2-thread-2" [_thread_blocked, id=28156, stack(0x000000001e610000,0x000000001e710000)]
  0x000000001d044800 JavaThread "pool-2-thread-1" [_thread_blocked, id=11944, stack(0x000000001e510000,0x000000001e610000)]
=>0x000000001d4b6000 JavaThread "pool-1-thread-2" [_thread_in_vm, id=28268, stack(0x000000001e210000,0x000000001e310000)]
  0x000000001d4b3000 JavaThread "pool-1-thread-1" [_thread_blocked, id=27848, stack(0x000000001e110000,0x000000001e210000)]
  0x0000000002592800 JavaThread "DestroyJavaVM" [_thread_blocked, id=28168, stack(0x0000000000c80000,0x0000000000d80000)]
  0x000000001d49a800 JavaThread "Thread-3" [_thread_in_native, id=18152, stack(0x000000001e010000,0x000000001e110000)]
  0x000000001d498800 JavaThread "server-timer" daemon [_thread_blocked, id=26540, stack(0x000000001df10000,0x000000001e010000)]
  0x000000001bc10800 JavaThread "Service Thread" daemon [_thread_blocked, id=20240, stack(0x000000001cdd0000,0x000000001ced0000)]
  0x000000001bb93800 JavaThread "C1 CompilerThread1" daemon [_thread_in_native, id=15756, stack(0x000000001ccd0000,0x000000001cdd0000)]
  0x000000001bb8d800 JavaThread "C2 CompilerThread0" daemon [_thread_blocked, id=7324, stack(0x000000001cbd0000,0x000000001ccd0000)]
  0x000000001bb8c000 JavaThread "Attach Listener" daemon [_thread_blocked, id=7860, stack(0x000000001cad0000,0x000000001cbd0000)]
  0x000000001bb8a800 JavaThread "Signal Dispatcher" daemon [_thread_blocked, id=27368, stack(0x000000001c9d0000,0x000000001cad0000)]
  0x000000001bb78800 JavaThread "Finalizer" daemon [_thread_blocked, id=19332, stack(0x000000001c7e0000,0x000000001c8e0000)]
  0x0000000002680000 JavaThread "Reference Handler" daemon [_thread_blocked, id=27052, stack(0x000000001c6e0000,0x000000001c7e0000)]

Other Threads:
  0x000000001bb56000 VMThread [stack: 0x000000001c5e0000,0x000000001c6e0000] [id=20476]
  0x000000001bc15000 WatcherThread [stack: 0x000000001ced0000,0x000000001cfd0000] [id=25984]

VM state:not at safepoint (normal execution)

VM Mutex/Monitor currently owned by a thread: None

Heap:
 PSYoungGen      total 71680K, used 54639K [0x000000076ab00000, 0x0000000773700000, 0x00000007c0000000)
  eden space 66560K, 82% used [0x000000076ab00000,0x000000076e05be50,0x000000076ec00000)
  from space 5120K, 0% used [0x000000076ec00000,0x000000076ec00000,0x000000076f100000)
  to   space 5120K, 0% used [0x0000000773200000,0x0000000773200000,0x0000000773700000)
 ParOldGen       total 87552K, used 87493K [0x00000006c0000000, 0x00000006c5580000, 0x000000076ab00000)
  object space 87552K, 99% used [0x00000006c0000000,0x00000006c55716d8,0x00000006c5580000)
 Metaspace       used 10746K, capacity 11074K, committed 11136K, reserved 1058816K
  class space    used 1231K, capacity 1365K, committed 1408K, reserved 1048576K

Card table byte_map: [0x0000000011ac0000,0x00000000122d0000] byte_map_base: 0x000000000e4c0000

Marking Bits: (ParMarkBitMap*) 0x0000000075c23e30
 Begin Bits: [0x0000000012a30000, 0x0000000016a30000)
 End Bits:   [0x0000000016a30000, 0x000000001aa30000)

Polling page: 0x0000000000b20000

CodeCache: size=245760Kb used=4626Kb max_used=4639Kb free=241133Kb
 bounds [0x0000000002700000, 0x0000000002b90000, 0x0000000011700000]
 total_blobs=1616 nmethods=1255 adapters=274
 compilation: enabled

Compilation events (10 events):
Event: 3.833 Thread 0x000000001bb8d800 1254       4       edu.stanford.nlp.tagger.maxent.PairsHolder::getWord (43 bytes)
Event: 3.835 Thread 0x000000001bb8d800 nmethod 1254 0x0000000002b83350 code [0x0000000002b834a0, 0x0000000002b835d8]
Event: 3.836 Thread 0x000000001bb8d800 1255       4       edu.stanford.nlp.util.HashIndex::get (72 bytes)
Event: 3.836 Thread 0x000000001bb8d800 nmethod 1255 0x0000000002b82f50 code [0x0000000002b830a0, 0x0000000002b831b8]
Event: 3.837 Thread 0x000000001bb8d800 1256       4       edu.stanford.nlp.tagger.maxent.Extractor::extract (29 bytes)
Event: 3.839 Thread 0x000000001bb8d800 nmethod 1256 0x0000000002b86950 code [0x0000000002b86ac0, 0x0000000002b86d18]
Event: 3.839 Thread 0x000000001bb8d800 1257       4       edu.stanford.nlp.util.StringUtils::containsJsonEscape (44 bytes)
Event: 3.842 Thread 0x000000001bb8d800 nmethod 1257 0x0000000002b829d0 code [0x0000000002b82b20, 0x0000000002b82d78]
Event: 3.850 Thread 0x000000001bb8d800 1261       4       java.util.Properties$LineReader::readLine (468 bytes)
Event: 3.856 Thread 0x000000001bb8d800 nmethod 1261 0x0000000002b85dd0 code [0x0000000002b85f40, 0x0000000002b86418]

GC Heap History (10 events):
Event: 1.504 GC heap before
{Heap before GC invocations=2 (full 0):
 PSYoungGen      total 38400K, used 38371K [0x000000076ab00000, 0x000000076f600000, 0x00000007c0000000)
  eden space 33280K, 100% used [0x000000076ab00000,0x000000076cb80000,0x000000076cb80000)
  from space 5120K, 99% used [0x000000076cb80000,0x000000076d078cc8,0x000000076d080000)
  to   space 5120K, 0% used [0x000000076f100000,0x000000076f100000,0x000000076f600000)
 ParOldGen       total 87552K, used 9281K [0x00000006c0000000, 0x00000006c5580000, 0x000000076ab00000)
  object space 87552K, 10% used [0x00000006c0000000,0x00000006c0910510,0x00000006c5580000)
 Metaspace       used 9451K, capacity 9740K, committed 9984K, reserved 1058816K
  class space    used 1113K, capacity 1210K, committed 1280K, reserved 1048576K
Event: 1.547 GC heap after
Heap after GC invocations=2 (full 0):
 PSYoungGen      total 71680K, used 5099K [0x000000076ab00000, 0x000000076f600000, 0x00000007c0000000)
  eden space 66560K, 0% used [0x000000076ab00000,0x000000076ab00000,0x000000076ec00000)
  from space 5120K, 99% used [0x000000076f100000,0x000000076f5facd8,0x000000076f600000)
  to   space 5120K, 0% used [0x000000076ec00000,0x000000076ec00000,0x000000076f100000)
 ParOldGen       total 87552K, used 29722K [0x00000006c0000000, 0x00000006c5580000, 0x000000076ab00000)
  object space 87552K, 33% used [0x00000006c0000000,0x00000006c1d06bf0,0x00000006c5580000)
 Metaspace       used 9451K, capacity 9740K, committed 9984K, reserved 1058816K
  class space    used 1113K, capacity 1210K, committed 1280K, reserved 1048576K
}
Event: 1.746 GC heap before
{Heap before GC invocations=3 (full 0):
 PSYoungGen      total 71680K, used 71659K [0x000000076ab00000, 0x000000076f600000, 0x00000007c0000000)
  eden space 66560K, 100% used [0x000000076ab00000,0x000000076ec00000,0x000000076ec00000)
  from space 5120K, 99% used [0x000000076f100000,0x000000076f5facd8,0x000000076f600000)
  to   space 5120K, 0% used [0x000000076ec00000,0x000000076ec00000,0x000000076f100000)
 ParOldGen       total 87552K, used 29722K [0x00000006c0000000, 0x00000006c5580000, 0x000000076ab00000)
  object space 87552K, 33% used [0x00000006c0000000,0x00000006c1d06bf0,0x00000006c5580000)
 Metaspace       used 9458K, capacity 9740K, committed 9984K, reserved 1058816K
  class space    used 1113K, capacity 1210K, committed 1280K, reserved 1048576K
Event: 1.837 GC heap after
Heap after GC invocations=3 (full 0):
 PSYoungGen      total 71680K, used 5088K [0x000000076ab00000, 0x0000000773700000, 0x00000007c0000000)
  eden space 66560K, 0% used [0x000000076ab00000,0x000000076ab00000,0x000000076ec00000)
  from space 5120K, 99% used [0x000000076ec00000,0x000000076f0f8030,0x000000076f100000)
  to   space 5120K, 0% used [0x0000000773200000,0x0000000773200000,0x0000000773700000)
 ParOldGen       total 87552K, used 62797K [0x00000006c0000000, 0x00000006c5580000, 0x000000076ab00000)
  object space 87552K, 71% used [0x00000006c0000000,0x00000006c3d53448,0x00000006c5580000)
 Metaspace       used 9458K, capacity 9740K, committed 9984K, reserved 1058816K
  class space    used 1113K, capacity 1210K, committed 1280K, reserved 1048576K
}
Event: 1.837 GC heap before
{Heap before GC invocations=4 (full 1):
 PSYoungGen      total 71680K, used 5088K [0x000000076ab00000, 0x0000000773700000, 0x00000007c0000000)
  eden space 66560K, 0% used [0x000000076ab00000,0x000000076ab00000,0x000000076ec00000)
  from space 5120K, 99% used [0x000000076ec00000,0x000000076f0f8030,0x000000076f100000)
  to   space 5120K, 0% used [0x0000000773200000,0x0000000773200000,0x0000000773700000)
 ParOldGen       total 87552K, used 62797K [0x00000006c0000000, 0x00000006c5580000, 0x000000076ab00000)
  object space 87552K, 71% used [0x00000006c0000000,0x00000006c3d53448,0x00000006c5580000)
 Metaspace       used 9458K, capacity 9740K, committed 9984K, reserved 1058816K
  class space    used 1113K, capacity 1210K, committed 1280K, reserved 1048576K
Event: 2.315 GC heap after
Heap after GC invocations=4 (full 1):
 PSYoungGen      total 71680K, used 0K [0x000000076ab00000, 0x0000000773700000, 0x00000007c0000000)
  eden space 66560K, 0% used [0x000000076ab00000,0x000000076ab00000,0x000000076ec00000)
  from space 5120K, 0% used [0x000000076ec00000,0x000000076ec00000,0x000000076f100000)
  to   space 5120K, 0% used [0x0000000773200000,0x0000000773200000,0x0000000773700000)
 ParOldGen       total 87552K, used 65489K [0x00000006c0000000, 0x00000006c5580000, 0x000000076ab00000)
  object space 87552K, 74% used [0x00000006c0000000,0x00000006c3ff46c8,0x00000006c5580000)
 Metaspace       used 9458K, capacity 9740K, committed 9984K, reserved 1058816K
  class space    used 1113K, capacity 1210K, committed 1280K, reserved 1048576K
}
Event: 2.433 GC heap before
{Heap before GC invocations=5 (full 2):
 PSYoungGen      total 71680K, used 66560K [0x000000076ab00000, 0x0000000773700000, 0x00000007c0000000)
  eden space 66560K, 100% used [0x000000076ab00000,0x000000076ec00000,0x000000076ec00000)
  from space 5120K, 0% used [0x000000076ec00000,0x000000076ec00000,0x000000076f100000)
  to   space 5120K, 0% used [0x0000000773200000,0x0000000773200000,0x0000000773700000)
 ParOldGen       total 87552K, used 65489K [0x00000006c0000000, 0x00000006c5580000, 0x000000076ab00000)
  object space 87552K, 74% used [0x00000006c0000000,0x00000006c3ff46c8,0x00000006c5580000)
 Metaspace       used 9458K, capacity 9740K, committed 9984K, reserved 1058816K
  class space    used 1113K, capacity 1210K, committed 1280K, reserved 1048576K
Event: 2.856 GC heap after
Heap after GC invocations=5 (full 2):
 PSYoungGen      total 71680K, used 13879K [0x000000076ab00000, 0x0000000773700000, 0x00000007c0000000)
  eden space 66560K, 20% used [0x000000076ab00000,0x000000076b88de18,0x000000076ec00000)
  from space 5120K, 0% used [0x000000076ec00000,0x000000076ec00000,0x000000076f100000)
  to   space 5120K, 0% used [0x0000000773200000,0x0000000773200000,0x0000000773700000)
 ParOldGen       total 87552K, used 83320K [0x00000006c0000000, 0x00000006c5580000, 0x000000076ab00000)
  object space 87552K, 95% used [0x00000006c0000000,0x00000006c515e290,0x00000006c5580000)
 Metaspace       used 9458K, capacity 9740K, committed 9984K, reserved 1058816K
  class space    used 1113K, capacity 1210K, committed 1280K, reserved 1048576K
}
Event: 3.006 GC heap before
{Heap before GC invocations=6 (full 3):
 PSYoungGen      total 71680K, used 66560K [0x000000076ab00000, 0x0000000773700000, 0x00000007c0000000)
  eden space 66560K, 100% used [0x000000076ab00000,0x000000076ec00000,0x000000076ec00000)
  from space 5120K, 0% used [0x000000076ec00000,0x000000076ec00000,0x000000076f100000)
  to   space 5120K, 0% used [0x0000000773200000,0x0000000773200000,0x0000000773700000)
 ParOldGen       total 87552K, used 83320K [0x00000006c0000000, 0x00000006c5580000, 0x000000076ab00000)
  object space 87552K, 95% used [0x00000006c0000000,0x00000006c515e290,0x00000006c5580000)
 Metaspace       used 9507K, capacity 9746K, committed 9984K, reserved 1058816K
  class space    used 1115K, capacity 1211K, committed 1280K, reserved 1048576K
Event: 3.333 GC heap after
Heap after GC invocations=6 (full 3):
 PSYoungGen      total 71680K, used 17181K [0x000000076ab00000, 0x0000000773700000, 0x00000007c0000000)
  eden space 66560K, 25% used [0x000000076ab00000,0x000000076bbc75c0,0x000000076ec00000)
  from space 5120K, 0% used [0x000000076ec00000,0x000000076ec00000,0x000000076f100000)
  to   space 5120K, 0% used [0x0000000773200000,0x0000000773200000,0x0000000773700000)
 ParOldGen       total 87552K, used 87493K [0x00000006c0000000, 0x00000006c5580000, 0x000000076ab00000)
  object space 87552K, 99% used [0x00000006c0000000,0x00000006c55716d8,0x00000006c5580000)
 Metaspace       used 9507K, capacity 9746K, committed 9984K, reserved 1058816K
  class space    used 1115K, capacity 1211K, committed 1280K, reserved 1048576K
}

Deoptimization events (10 events):
Event: 3.472 Thread 0x000000001d044800 Uncommon trap: reason=unstable_if action=reinterpret pc=0x0000000002a37ac4 method=java.lang.AbstractStringBuilder.append(I)Ljava/lang/AbstractStringBuilder; @ 16
Event: 3.472 Thread 0x000000001d044800 Uncommon trap: reason=unstable_if action=reinterpret pc=0x0000000002a197ec method=java.lang.Integer.getChars(II[C)V @ 7
Event: 3.545 Thread 0x000000001d4b6000 Uncommon trap: reason=bimorphic action=maybe_recompile pc=0x00000000029dadd0 method=java.io.DataInputStream.readInt()I @ 4
Event: 3.545 Thread 0x000000001d4b6000 Uncommon trap: reason=bimorphic action=maybe_recompile pc=0x00000000029dadd0 method=java.io.DataInputStream.readInt()I @ 4
Event: 3.545 Thread 0x000000001d4b6000 Uncommon trap: reason=bimorphic action=maybe_recompile pc=0x00000000029dadd0 method=java.io.DataInputStream.readInt()I @ 4
Event: 3.545 Thread 0x000000001d4b6000 Uncommon trap: reason=bimorphic action=maybe_recompile pc=0x00000000029dadd0 method=java.io.DataInputStream.readInt()I @ 4
Event: 3.549 Thread 0x000000001d4b6000 Uncommon trap: reason=unstable_if action=reinterpret pc=0x00000000029c2a54 method=java.util.HashMap.tableSizeFor(I)I @ 37
Event: 3.554 Thread 0x000000001d4b6000 Uncommon trap: reason=unstable_if action=reinterpret pc=0x00000000029df5e8 method=java.util.HashMap.tableSizeFor(I)I @ 37
Event: 3.622 Thread 0x000000001d939000 Uncommon trap: reason=array_check action=maybe_recompile pc=0x0000000002a8b314 method=java.util.AbstractCollection.toArray([Ljava/lang/Object;)[Ljava/lang/Object; @ 119
Event: 3.622 Thread 0x000000001d939000 Uncommon trap: reason=unstable_if action=reinterpret pc=0x00000000028ade40 method=java.lang.CharacterData.of(I)Ljava/lang/CharacterData; @ 4

Classes redefined (0 events):
No events

Internal exceptions (10 events):
Event: 0.170 Thread 0x0000000002592800 Exception <a 'java/lang/NoSuchFieldError': method resolution failed> (0x000000076add8b78) thrown at [C:\re\workspace\8-2-build-windows-amd64-cygwin\jdk8u191\11896\hotspot\src\share\vm\prims\methodHandles.cpp, line 1167]
Event: 0.177 Thread 0x0000000002592800 Exception <a 'java/lang/NoSuchFieldError': method resolution failed> (0x000000076ade5f78) thrown at [C:\re\workspace\8-2-build-windows-amd64-cygwin\jdk8u191\11896\hotspot\src\share\vm\prims\methodHandles.cpp, line 1167]
Event: 0.228 Thread 0x0000000002592800 Exception <a 'java/security/PrivilegedActionException'> (0x000000076af5d678) thrown at [C:\re\workspace\8-2-build-windows-amd64-cygwin\jdk8u191\11896\hotspot\src\share\vm\prims\jvm.cpp, line 1435]
Event: 0.228 Thread 0x0000000002592800 Exception <a 'java/security/PrivilegedActionException'> (0x000000076af5d888) thrown at [C:\re\workspace\8-2-build-windows-amd64-cygwin\jdk8u191\11896\hotspot\src\share\vm\prims\jvm.cpp, line 1435]
Event: 0.229 Thread 0x0000000002592800 Exception <a 'java/security/PrivilegedActionException'> (0x000000076af616e0) thrown at [C:\re\workspace\8-2-build-windows-amd64-cygwin\jdk8u191\11896\hotspot\src\share\vm\prims\jvm.cpp, line 1435]
Event: 0.229 Thread 0x0000000002592800 Exception <a 'java/security/PrivilegedActionException'> (0x000000076af618f0) thrown at [C:\re\workspace\8-2-build-windows-amd64-cygwin\jdk8u191\11896\hotspot\src\share\vm\prims\jvm.cpp, line 1435]
Event: 1.164 Thread 0x000000001d4b6000 Exception <a 'java/lang/IncompatibleClassChangeError': Found class java.lang.Object, but interface was expected> (0x000000076b9278b8) thrown at [C:\re\workspace\8-2-build-windows-amd64-cygwin\jdk8u191\11896\hotspot\src\share\vm\interpreter\linkResolver.cp
Event: 1.416 Thread 0x000000001d4b6000 Implicit null exception at 0x000000000298991e to 0x00000000029899e9
Event: 3.455 Thread 0x000000001d044800 Implicit null exception at 0x000000000298a675 to 0x000000000298a799
Event: 3.456 Thread 0x000000001d044800 Exception <a 'java/lang/NoSuchMethodError': java.lang.Object.lambda$comparing$77a9974f$1(Ljava/util/function/Function;Ljava/lang/Object;Ljava/lang/Object;)I> (0x000000076d68f270) thrown at [C:\re\workspace\8-2-build-windows-amd64-cygwin\jdk8u191\11896\hot

Events (10 events):
Event: 3.622 Thread 0x000000001d939000 Uncommon trap: trap_request=0xffffffd6 fr.pc=0x0000000002a8b314
Event: 3.622 Thread 0x000000001d939000 DEOPT PACKING pc=0x0000000002a8b314 sp=0x000000001e70eaa0
Event: 3.622 Thread 0x000000001d939000 DEOPT UNPACKING pc=0x000000000274583b sp=0x000000001e70ea58 mode 2
Event: 3.622 Thread 0x000000001d939000 Uncommon trap: trap_request=0xffffff65 fr.pc=0x00000000028ade40
Event: 3.622 Thread 0x000000001d939000 DEOPT PACKING pc=0x00000000028ade40 sp=0x000000001e70e820
Event: 3.622 Thread 0x000000001d939000 DEOPT UNPACKING pc=0x000000000274583b sp=0x000000001e70e7c0 mode 2
Event: 3.622 loading class java/lang/CharacterData00
Event: 3.623 loading class java/lang/CharacterData00 done
Event: 3.623 Executing VM operation: Deoptimize
Event: 3.623 Executing VM operation: Deoptimize done


Dynamic libraries:
0x00007ff762140000 - 0x00007ff762177000 	C:\Program Files (x86)\Common Files\Oracle\Java\javapath\java.exe
0x00007fff0f340000 - 0x00007fff0f521000 	C:\WINDOWS\SYSTEM32\ntdll.dll
0x00007ffee61b0000 - 0x00007ffee61c2000 	C:\Program Files\AVAST Software\Avast\aswhook.dll
0x00007fff0c7d0000 - 0x00007fff0c881000 	C:\WINDOWS\System32\KERNEL32.DLL
0x00007fff0bd90000 - 0x00007fff0c003000 	C:\WINDOWS\System32\KERNELBASE.dll
0x00007fff0ec60000 - 0x00007fff0ed01000 	C:\WINDOWS\System32\ADVAPI32.dll
0x00007fff0c930000 - 0x00007fff0c9ce000 	C:\WINDOWS\System32\msvcrt.dll
0x00007fff0ee60000 - 0x00007fff0eebb000 	C:\WINDOWS\System32\sechost.dll
0x00007fff0d5e0000 - 0x00007fff0d704000 	C:\WINDOWS\System32\RPCRT4.dll
0x00007fff0c9d0000 - 0x00007fff0cb60000 	C:\WINDOWS\System32\USER32.dll
0x00007fff0bd20000 - 0x00007fff0bd40000 	C:\WINDOWS\System32\win32u.dll
0x00007fff0d450000 - 0x00007fff0d478000 	C:\WINDOWS\System32\GDI32.dll
0x00007fff0b8b0000 - 0x00007fff0ba41000 	C:\WINDOWS\System32\gdi32full.dll
0x00007fff0b710000 - 0x00007fff0b7af000 	C:\WINDOWS\System32\msvcp_win.dll
0x00007fff0b7b0000 - 0x00007fff0b8a8000 	C:\WINDOWS\System32\ucrtbase.dll
0x00007ffef7cf0000 - 0x00007ffef7f59000 	C:\WINDOWS\WinSxS\amd64_microsoft.windows.common-controls_6595b64144ccf1df_6.0.17134.885_none_fb42a3473065565f\COMCTL32.dll
0x00007fff0d100000 - 0x00007fff0d422000 	C:\WINDOWS\System32\combase.dll
0x00007fff0bc40000 - 0x00007fff0bcb9000 	C:\WINDOWS\System32\bcryptPrimitives.dll
0x00007fff0cce0000 - 0x00007fff0cd0d000 	C:\WINDOWS\System32\IMM32.DLL
0x0000000075cb0000 - 0x0000000075d82000 	C:\Program Files\Java\jre1.8.0_191\bin\msvcr100.dll
0x0000000075400000 - 0x0000000075ca4000 	C:\Program Files\Java\jre1.8.0_191\bin\server\jvm.dll
0x00007fff0ebd0000 - 0x00007fff0ebd8000 	C:\WINDOWS\System32\PSAPI.DLL
0x00007fff02da0000 - 0x00007fff02da9000 	C:\WINDOWS\SYSTEM32\WSOCK32.dll
0x00007fff0ebe0000 - 0x00007fff0ec4c000 	C:\WINDOWS\System32\WS2_32.dll
0x00007ffefe480000 - 0x00007ffefe4a3000 	C:\WINDOWS\SYSTEM32\WINMM.dll
0x00007fff06a40000 - 0x00007fff06a4a000 	C:\WINDOWS\SYSTEM32\VERSION.dll
0x00007ffefe450000 - 0x00007ffefe47a000 	C:\WINDOWS\SYSTEM32\WINMMBASE.dll
0x00007fff0bd40000 - 0x00007fff0bd89000 	C:\WINDOWS\System32\cfgmgr32.dll
0x0000000050000000 - 0x000000005000f000 	C:\Program Files\Java\jre1.8.0_191\bin\verify.dll
0x0000000077540000 - 0x0000000077569000 	C:\Program Files\Java\jre1.8.0_191\bin\java.dll
0x00000000753e0000 - 0x00000000753f6000 	C:\Program Files\Java\jre1.8.0_191\bin\zip.dll
0x00007fff0d790000 - 0x00007fff0ebd0000 	C:\WINDOWS\System32\SHELL32.dll
0x00007fff0cff0000 - 0x00007fff0d099000 	C:\WINDOWS\System32\shcore.dll
0x00007fff0c010000 - 0x00007fff0c71d000 	C:\WINDOWS\System32\windows.storage.dll
0x00007fff0ceb0000 - 0x00007fff0cf01000 	C:\WINDOWS\System32\shlwapi.dll
0x00007fff0b6d0000 - 0x00007fff0b6e1000 	C:\WINDOWS\System32\kernel.appcore.dll
0x00007fff0b6f0000 - 0x00007fff0b70f000 	C:\WINDOWS\System32\profapi.dll
0x00007fff0b680000 - 0x00007fff0b6cc000 	C:\WINDOWS\System32\powrprof.dll
0x00007fff0b670000 - 0x00007fff0b67a000 	C:\WINDOWS\System32\FLTLIB.DLL
0x00000000753c0000 - 0x00000000753da000 	C:\Program Files\Java\jre1.8.0_191\bin\net.dll
0x00007fff0ae70000 - 0x00007fff0aed6000 	C:\WINDOWS\system32\mswsock.dll
0x00007ffef51d0000 - 0x00007ffef51e6000 	C:\WINDOWS\system32\napinsp.dll
0x00007ffef51b0000 - 0x00007ffef51ca000 	C:\WINDOWS\system32\pnrpnsp.dll
0x00007fff05250000 - 0x00007fff05269000 	C:\WINDOWS\system32\NLAapi.dll
0x00007fff0ac40000 - 0x00007fff0acfe000 	C:\WINDOWS\SYSTEM32\DNSAPI.dll
0x00007fff0ec50000 - 0x00007fff0ec58000 	C:\WINDOWS\System32\NSI.dll
0x00007fff0ac00000 - 0x00007fff0ac38000 	C:\WINDOWS\SYSTEM32\IPHLPAPI.DLL
0x00007ffef51a0000 - 0x00007ffef51ae000 	C:\WINDOWS\System32\winrnr.dll
0x00007fff06f20000 - 0x00007fff06f35000 	C:\WINDOWS\System32\wshbth.dll
0x00007fff03b60000 - 0x00007fff03b6a000 	C:\Windows\System32\rasadhlp.dll
0x00007fff03c60000 - 0x00007fff03cd2000 	C:\WINDOWS\System32\fwpuclnt.dll
0x00007fff0b150000 - 0x00007fff0b175000 	C:\WINDOWS\SYSTEM32\bcrypt.dll
0x00000000753a0000 - 0x00000000753b1000 	C:\Program Files\Java\jre1.8.0_191\bin\nio.dll
0x00007fff0b020000 - 0x00007fff0b037000 	C:\WINDOWS\SYSTEM32\CRYPTSP.dll
0x00007fff0aa60000 - 0x00007fff0aa93000 	C:\WINDOWS\system32\rsaenh.dll
0x00007fff0b580000 - 0x00007fff0b5a8000 	C:\WINDOWS\SYSTEM32\USERENV.dll
0x00007fff0b040000 - 0x00007fff0b04b000 	C:\WINDOWS\SYSTEM32\CRYPTBASE.dll
0x00007fff056b0000 - 0x00007fff056c6000 	C:\WINDOWS\SYSTEM32\dhcpcsvc6.DLL
0x00007fff05690000 - 0x00007fff056aa000 	C:\WINDOWS\SYSTEM32\dhcpcsvc.DLL

VM Arguments:
jvm_args: -Xmx4g 
java_command: edu.stanford.nlp.pipeline.StanfordCoreNLPServer -port 9051
java_class_path (initial): lib\stanford-corenlp-full-2018-02-27\ejml-0.23.jar;lib\stanford-corenlp-full-2018-02-27\javax.json-api-1.0-sources.jar;lib\stanford-corenlp-full-2018-02-27\javax.json.jar;lib\stanford-corenlp-full-2018-02-27\joda-time-2.9-sources.jar;lib\stanford-corenlp-full-2018-02-27\joda-time.jar;lib\stanford-corenlp-full-2018-02-27\jollyday-0.4.9-sources.jar;lib\stanford-corenlp-full-2018-02-27\jollyday.jar;lib\stanford-corenlp-full-2018-02-27\protobuf.jar;lib\stanford-corenlp-full-2018-02-27\slf4j-api.jar;lib\stanford-corenlp-full-2018-02-27\slf4j-simple.jar;lib\stanford-corenlp-full-2018-02-27\stanford-corenlp-3.9.1-javadoc.jar;lib\stanford-corenlp-full-2018-02-27\stanford-corenlp-3.9.1-models.jar;lib\stanford-corenlp-full-2018-02-27\stanford-corenlp-3.9.1-sources.jar;lib\stanford-corenlp-full-2018-02-27\stanford-corenlp-3.9.1.jar;lib\stanford-corenlp-full-2018-02-27\xom-1.2.10-src.jar;lib\stanford-corenlp-full-2018-02-27\xom.jar
Launcher Type: SUN_STANDARD

Environment Variables:
PATH=C:\Program Files\NVIDIA GPU Computing Toolkit\CUDA\v10.1\bin;C:\Program Files\NVIDIA GPU Computing Toolkit\CUDA\v10.1\libnvvp;C:\Program Files (x86)\Common Files\Oracle\Java\javapath;C:\ProgramData\Oracle\Java\javapath;C:\Program Files (x86)\Intel\iCLS Client\;C:\Program Files\Intel\iCLS Client\;C:\Windows\system32;C:\Windows;C:\Windows\System32\Wbem;C:\Windows\System32\WindowsPowerShell\v1.0\;C:\Program Files\Intel\Intel(R) Management Engine Components\DAL;C:\Program Files (x86)\Intel\Intel(R) Management Engine Components\DAL;C:\Program Files\Intel\Intel(R) Management Engine Components\IPT;C:\Program Files (x86)\Intel\Intel(R) Management Engine Components\IPT;C:\Program Files (x86)\NVIDIA Corporation\PhysX\Common;C:\WINDOWS\system32;C:\WINDOWS;C:\WINDOWS\System32\Wbem;C:\WINDOWS\System32\WindowsPowerShell\v1.0\;C:\Program Files (x86)\QuickTime\QTSystem\;C:\Users\Andrew\.dnx\bin;C:\Program Files\Microsoft DNX\Dnvm\;C:\Program Files\Microsoft SQL Server\130\Tools\Binn\;C:\Program Files (x86)\Windows Kits\8.1\Windows Performance Toolkit\;C:\Program Files\Git\cmd;C:\WINDOWS\System32\OpenSSH\;C:\Program Files\Java\jdk1.8.0_181\bin;C:\Program Files\Microsoft VS Code\bin;C:\Users\Andrew\AppData\Local\Programs\Python\Python37-32;C:\Users\Andrew\AppData\Local\Programs\Python\Python37-32\Scripts;C:\Users\Andrew\AppData\Roaming\Python\Python37\Scripts;C:\Users\Andrew\AppData\Local\Programs\Python\Python37-32\Lib\site-packages;C:\Program Files\NVIDIA Corporation\NVIDIA NvDLISR;C:\Program Files\nodejs\;C:\Program Files\NVIDIA Corporation\Nsight Compute 2019.3.0\;C:\Users\Andrew\AppData\Local\Microsoft\WindowsApps;C:\Program Files (x86)\SSH Communications Security\SSH Secure Shell;C:\Users\Andrew\AppData\Local\Programs\MiKTeX 2.9\miktex\bin\x64\;C:\Users\Andrew\AppData\Local\GitHubDesktop\bin;C:\Users\Andrew\AppData\Roaming\npm
USERNAME=Andrew
OS=Windows_NT
PROCESSOR_IDENTIFIER=Intel64 Family 6 Model 60 Stepping 3, GenuineIntel



---------------  S Y S T E M  ---------------

OS: Windows 10.0 , 64 bit Build 17134 (10.0.17134.753)

CPU:total 2 (initial active 2) (2 cores per cpu, 1 threads per core) family 6 model 60 stepping 3, cmov, cx8, fxsr, mmx, sse, sse2, sse3, ssse3, sse4.1, sse4.2, popcnt, clmul, erms, lzcnt, tsc, tscinvbit

Memory: 4k page, physical 8331292k(1817608k free), swap 33497116k(3820k free)

vm_info: Java HotSpot(TM) 64-Bit Server VM (25.191-b12) for windows-amd64 JRE (1.8.0_191-b12), built on Oct  6 2018 09:29:03 by "java_re" with MS VC++ 10.0 (VS2010)

time: Sat Jul 13 12:37:19 2019
elapsed time: 4 seconds (0d 0h 0m 4s)

